Build started 6/7/2016 11:00:32 AM.
     1>Project "C:\Users\austi_000\Documents\Visual Studio 2015\Projects\ECS 178 - Final Project\ECS 178 - Final Project\ECS 178 - Final Project.vcxproj" on node 2 (Build target(s)).
     1>ClCompile:
         C:\Program Files (x86)\Microsoft Visual Studio 14.0\VC\bin\CL.exe /c /I"C:\Users\austi_000\Documents\Visual Studio 2015\Projects\ECS 178 - Final Project\packages\glew.1.9.0.1\build\native\../..//build/native/include/" /I"C:\Users\austi_000\Documents\Visual Studio 2015\Projects\ECS 178 - Final Project\packages\nupengl.core.0.1.0.1\build\native\../..//build/native/include/" /ZI /nologo /W3 /WX- /sdl /Od /Oy- /D HAS_GLEW /D _MBCS /Gm /EHsc /RTC1 /MDd /GS /fp:precise /Zc:wchar_t /Zc:forScope /Zc:inline /Fo"Debug\\" /Fd"Debug\vc140.pdb" /Gd /TP /analyze- /errorReport:prompt main.cpp
         main.cpp
     1>c:\users\austi_000\documents\visual studio 2015\projects\ecs 178 - final project\ecs 178 - final project\main.cpp(155): warning C4018: '<': signed/unsigned mismatch
     1>c:\users\austi_000\documents\visual studio 2015\projects\ecs 178 - final project\ecs 178 - final project\main.cpp(174): warning C4018: '<': signed/unsigned mismatch
     1>c:\users\austi_000\documents\visual studio 2015\projects\ecs 178 - final project\ecs 178 - final project\main.cpp(201): warning C4018: '<=': signed/unsigned mismatch
     1>c:\users\austi_000\documents\visual studio 2015\projects\ecs 178 - final project\ecs 178 - final project\main.cpp(203): warning C4018: '<=': signed/unsigned mismatch
     1>c:\users\austi_000\documents\visual studio 2015\projects\ecs 178 - final project\ecs 178 - final project\main.cpp(205): warning C4018: '<=': signed/unsigned mismatch
     1>c:\users\austi_000\documents\visual studio 2015\projects\ecs 178 - final project\ecs 178 - final project\main.cpp(208): warning C4018: '<': signed/unsigned mismatch
     1>c:\users\austi_000\documents\visual studio 2015\projects\ecs 178 - final project\ecs 178 - final project\main.cpp(218): warning C4018: '<=': signed/unsigned mismatch
     1>c:\users\austi_000\documents\visual studio 2015\projects\ecs 178 - final project\ecs 178 - final project\main.cpp(220): warning C4018: '<=': signed/unsigned mismatch
     1>c:\users\austi_000\documents\visual studio 2015\projects\ecs 178 - final project\ecs 178 - final project\main.cpp(222): warning C4018: '<=': signed/unsigned mismatch
     1>c:\users\austi_000\documents\visual studio 2015\projects\ecs 178 - final project\ecs 178 - final project\main.cpp(238): warning C4018: '<': signed/unsigned mismatch
     1>c:\users\austi_000\documents\visual studio 2015\projects\ecs 178 - final project\ecs 178 - final project\main.cpp(260): warning C4244: '=': conversion from 'double' to 'GLfloat', possible loss of data
     1>c:\users\austi_000\documents\visual studio 2015\projects\ecs 178 - final project\ecs 178 - final project\main.cpp(262): warning C4244: '=': conversion from 'double' to 'GLfloat', possible loss of data
     1>c:\users\austi_000\documents\visual studio 2015\projects\ecs 178 - final project\ecs 178 - final project\main.cpp(264): warning C4244: '=': conversion from 'double' to 'GLfloat', possible loss of data
     1>c:\users\austi_000\documents\visual studio 2015\projects\ecs 178 - final project\ecs 178 - final project\main.cpp(266): warning C4244: '=': conversion from 'double' to 'GLfloat', possible loss of data
       Link:
         C:\Program Files (x86)\Microsoft Visual Studio 14.0\VC\bin\link.exe /ERRORREPORT:PROMPT /OUT:"C:\Users\austi_000\Documents\Visual Studio 2015\Projects\ECS 178 - Final Project\Debug\ECS 178 - Final Project.exe" /INCREMENTAL /NOLOGO "C:\Users\austi_000\Documents\Visual Studio 2015\Projects\ECS 178 - Final Project\packages\nupengl.core.0.1.0.1\build\native\../..//build/native/lib/Win32\glew32.lib" "C:\Users\austi_000\Documents\Visual Studio 2015\Projects\ECS 178 - Final Project\packages\nupengl.core.0.1.0.1\build\native\../..//build/native/lib/Win32\glfw3dll.lib" "C:\Users\austi_000\Documents\Visual Studio 2015\Projects\ECS 178 - Final Project\packages\nupengl.core.0.1.0.1\build\native\../..//build/native/lib/Win32\freeglut.lib" kernel32.lib user32.lib gdi32.lib winspool.lib comdlg32.lib advapi32.lib shell32.lib ole32.lib oleaut32.lib uuid.lib odbc32.lib odbccp32.lib /MANIFEST /MANIFESTUAC:"level='asInvoker' uiAccess='false'" /manifest:embed /Debug /PDB:"C:\Users\austi_000\Documents\Visual Studio 2015\Projects\ECS 178 - Final Project\Debug\ECS 178 - Final Project.pdb" /TLBID:1 /DYNAMICBASE /NXCOMPAT /IMPLIB:"C:\Users\austi_000\Documents\Visual Studio 2015\Projects\ECS 178 - Final Project\Debug\ECS 178 - Final Project.lib" /MACHINE:X86 Debug\main.obj
         ECS 178 - Final Project.vcxproj -> C:\Users\austi_000\Documents\Visual Studio 2015\Projects\ECS 178 - Final Project\Debug\ECS 178 - Final Project.exe
     1>Done Building Project "C:\Users\austi_000\Documents\Visual Studio 2015\Projects\ECS 178 - Final Project\ECS 178 - Final Project\ECS 178 - Final Project.vcxproj" (Build target(s)).

Build succeeded.

Time Elapsed 00:00:02.33
