Build started 5/18/2016 6:49:37 PM.
     1>Project "C:\Users\austi_000\Documents\Visual Studio 2015\Projects\ECS 178 - Assignment 3\ECS 178 - Assignment 3\ECS 178 - Assignment 3.vcxproj" on node 2 (Build target(s)).
     1>ClCompile:
         C:\Program Files (x86)\Microsoft Visual Studio 14.0\VC\bin\CL.exe /c /I"C:\Users\austi_000\Documents\Visual Studio 2015\Projects\ECS 178 - Assignment 3\packages\nupengl.core.0.1.0.1\build\native\../..//build/native/include/" /ZI /nologo /W3 /WX- /sdl /Od /Oy- /D _MBCS /Gm /EHsc /RTC1 /MDd /GS /fp:precise /Zc:wchar_t /Zc:forScope /Zc:inline /Fo"Debug\\" /Fd"Debug\vc140.pdb" /Gd /TP /analyze- /errorReport:prompt c1quadratic.cpp
         c1quadratic.cpp
     1>c:\users\austi_000\documents\visual studio 2015\projects\ecs 178 - assignment 3\ecs 178 - assignment 3\c1quadratic.cpp(32): warning C4244: '=': conversion from 'double' to 'GLfloat', possible loss of data
     1>c:\users\austi_000\documents\visual studio 2015\projects\ecs 178 - assignment 3\ecs 178 - assignment 3\c1quadratic.cpp(33): warning C4244: '=': conversion from 'double' to 'GLfloat', possible loss of data
     1>c:\users\austi_000\documents\visual studio 2015\projects\ecs 178 - assignment 3\ecs 178 - assignment 3\c1quadratic.cpp(49): warning C4244: '=': conversion from 'double' to 'GLfloat', possible loss of data
     1>c:\users\austi_000\documents\visual studio 2015\projects\ecs 178 - assignment 3\ecs 178 - assignment 3\c1quadratic.cpp(50): warning C4244: '=': conversion from 'double' to 'GLfloat', possible loss of data
     1>c:\users\austi_000\documents\visual studio 2015\projects\ecs 178 - assignment 3\ecs 178 - assignment 3\c1quadratic.cpp(89): warning C4244: '=': conversion from 'double' to 'GLfloat', possible loss of data
     1>c:\users\austi_000\documents\visual studio 2015\projects\ecs 178 - assignment 3\ecs 178 - assignment 3\c1quadratic.cpp(90): warning C4244: '=': conversion from 'double' to 'GLfloat', possible loss of data
       Link:
         C:\Program Files (x86)\Microsoft Visual Studio 14.0\VC\bin\link.exe /ERRORREPORT:PROMPT /OUT:"C:\Users\austi_000\Documents\Visual Studio 2015\Projects\ECS 178 - Assignment 3\Debug\ECS 178 - Assignment 3.exe" /INCREMENTAL /NOLOGO "C:\Users\austi_000\Documents\Visual Studio 2015\Projects\ECS 178 - Assignment 3\packages\nupengl.core.0.1.0.1\build\native\../..//build/native/lib/Win32\glew32.lib" "C:\Users\austi_000\Documents\Visual Studio 2015\Projects\ECS 178 - Assignment 3\packages\nupengl.core.0.1.0.1\build\native\../..//build/native/lib/Win32\glfw3dll.lib" "C:\Users\austi_000\Documents\Visual Studio 2015\Projects\ECS 178 - Assignment 3\packages\nupengl.core.0.1.0.1\build\native\../..//build/native/lib/Win32\freeglut.lib" kernel32.lib user32.lib gdi32.lib winspool.lib comdlg32.lib advapi32.lib shell32.lib ole32.lib oleaut32.lib uuid.lib odbc32.lib odbccp32.lib /MANIFEST /MANIFESTUAC:"level='asInvoker' uiAccess='false'" /manifest:embed /Debug /PDB:"C:\Users\austi_000\Documents\Visual Studio 2015\Projects\ECS 178 - Assignment 3\Debug\ECS 178 - Assignment 3.pdb" /TLBID:1 /DYNAMICBASE /NXCOMPAT /IMPLIB:"C:\Users\austi_000\Documents\Visual Studio 2015\Projects\ECS 178 - Assignment 3\Debug\ECS 178 - Assignment 3.lib" /MACHINE:X86 Debug\bezier3.obj
         Debug\c1quadratic.obj
         Debug\c2cubic.obj
         Debug\deBoor.obj
         Debug\main3.obj
         Debug\OpenGL3.obj
         Debug\parameterize.obj
         ECS 178 - Assignment 3.vcxproj -> C:\Users\austi_000\Documents\Visual Studio 2015\Projects\ECS 178 - Assignment 3\Debug\ECS 178 - Assignment 3.exe
     1>Done Building Project "C:\Users\austi_000\Documents\Visual Studio 2015\Projects\ECS 178 - Assignment 3\ECS 178 - Assignment 3\ECS 178 - Assignment 3.vcxproj" (Build target(s)).

Build succeeded.

Time Elapsed 00:00:01.21
